[2026-01-19T11:21:13+10:00] [INFO] Logging to /home/wizard/Code/sonic-stick/LOGS/sonic-stick-2026-01-19T11:21:13+10:00.log
[2026-01-19T11:21:13+10:00] [INFO] ============================================
[2026-01-19T11:21:13+10:00] [INFO] ============================================
[2026-01-19T11:21:13+10:00] [INFO] Sonic Stick Launcher
[2026-01-19T11:21:13+10:00] [INFO] Sonic Stick Launcher
[2026-01-19T11:21:13+10:00] [INFO] ============================================
[2026-01-19T11:21:13+10:00] [INFO] ============================================
[2026-01-19T11:21:13+10:00] [INFO] Target USB device: /dev/sdb (override with USB=/dev/sdX)
[2026-01-19T11:21:13+10:00] [INFO] Target USB device: /dev/sdb (override with USB=/dev/sdX)
[2026-01-19T11:21:13+10:00] [INFO] Ventoy version: 1.1.10
[2026-01-19T11:21:13+10:00] [INFO] Ventoy version: 1.1.10
[2026-01-19T11:21:13+10:00] [INFO] Repo: /home/wizard/Code/sonic-stick
[2026-01-19T11:21:13+10:00] [INFO] Repo: /home/wizard/Code/sonic-stick

Select an action:
  1) Download payloads (ISOs, Ventoy, Pi images)
  2) Install/Upgrade Ventoy only
  3) Reflash stick (install Ventoy + copy ISOs + data partition)
  4) Rebuild from scratch (wipe and rebuild)
  5) Create data partition only
  6) Scan library (refresh iso-catalog)
  7) Collect support logs
  8) Quit

Choice [1-8]: [2026-01-19T11:21:15+10:00] [INFO] ============================================
[2026-01-19T11:21:15+10:00] [INFO] ============================================
[2026-01-19T11:21:15+10:00] [INFO] Reflash complete
[2026-01-19T11:21:15+10:00] [INFO] Reflash complete
[2026-01-19T11:21:15+10:00] [INFO] ============================================
[2026-01-19T11:21:15+10:00] [INFO] ============================================
[2026-01-19T11:21:15+10:00] [INFO] Logging to /home/wizard/Code/sonic-stick/LOGS/sonic-stick-2026-01-19T11:21:13+10:00.log
[2026-01-19T11:21:15+10:00] [INFO] Logging to /home/wizard/Code/sonic-stick/LOGS/sonic-stick-2026-01-19T11:21:13+10:00.log
[2026-01-19T11:21:15+10:00] [INFO] Starting Sonic Stick reflash for /dev/sdb
[2026-01-19T11:21:15+10:00] [INFO] Starting Sonic Stick reflash for /dev/sdb
[2026-01-19T11:21:15+10:00] [INFO] Starting Sonic Stick reflash for /dev/sdb
[0;34m==========================================[0m
[0;34mSonic Stick Complete Reflash Workflow[0m
[0;34m==========================================[0m
[0;34m==========================================[0m
[0;34mSonic Stick Complete Reflash Workflow[0m
[0;34m==========================================[0m
Target USB: /dev/sdb

Target USB: /dev/sdb

NAME   MAJ:MIN RM   SIZE RO TYPE MOUNTPOINTS
sdb      8:16   1 114.6G  0 disk 
â”œâ”€sdb1   8:17   1 114.6G  0 part 
â””â”€sdb2   8:18   1    32M  0 part 
NAME   MAJ:MIN RM   SIZE RO TYPE MOUNTPOINTS
sdb      8:16   1 114.6G  0 disk 
â”œâ”€sdb1   8:17   1 114.6G  0 part 
â””â”€sdb2   8:18   1    32M  0 part 

[0;31mWARNING: This will ERASE all data on /dev/sdb[0m

[0;31mWARNING: This will ERASE all data on /dev/sdb[0m
Type 'ERASE' to continue: Type 'ERASE' to continue: 

[0;34m[Step 1/5] Installing Ventoy...[0m
[0;34m[Step 1/5] Installing Ventoy...[0m
[2026-01-19T11:21:18+10:00] [INFO] Logging to /home/wizard/Code/sonic-stick/LOGS/install-ventoy-2026-01-19T11:21:18+10:00.log
[2026-01-19T11:21:18+10:00] [INFO] Logging to /home/wizard/Code/sonic-stick/LOGS/install-ventoy-2026-01-19T11:21:18+10:00.log
[2026-01-19T11:21:18+10:00] [INFO] Environment snapshot:
[2026-01-19T11:21:18+10:00] [INFO] Environment snapshot:
[2026-01-19T11:21:18+10:00] [INFO] uname: Linux wizard-dell-server 6.8.0-90-generic #91~22.04.1-Ubuntu SMP PREEMPT_DYNAMIC Thu Nov 20 15:20:45 UTC 2 x86_64 x86_64 x86_64 GNU/Linux
[2026-01-19T11:21:18+10:00] [INFO] uname: Linux wizard-dell-server 6.8.0-90-generic #91~22.04.1-Ubuntu SMP PREEMPT_DYNAMIC Thu Nov 20 15:20:45 UTC 2 x86_64 x86_64 x86_64 GNU/Linux
[2026-01-19T11:21:18+10:00] [INFO] lsblk: NAME     SIZE FSTYPE   LABEL;loop0      4K squashfs ;loop1   74.3M squashfs ;loop2   73.9M squashfs ;loop3  271.2M squashfs ;loop4  251.6M squashfs ;loop5  505.1M squashfs ;loop6  531.4M squashfs ;loop7   91.7M squashfs ;loop8   12.9M squashfs ;loop9   38.8M squashfs ;loop10  48.1M squashfs ;loop11   500K squashfs ;loop12   576K squashfs ;sda    238.5G          ;â”œâ”€sda1   512M vfat     ;â””â”€sda2   238G ext4     ;sdb    114.6G          ;â”œâ”€sdb1 114.6G exfat    SONIC;â””â”€sdb2    32M vfat     VTOYEFI;sr0     1024M          ;
[2026-01-19T11:21:18+10:00] [INFO] lsblk: NAME     SIZE FSTYPE   LABEL;loop0      4K squashfs ;loop1   74.3M squashfs ;loop2   73.9M squashfs ;loop3  271.2M squashfs ;loop4  251.6M squashfs ;loop5  505.1M squashfs ;loop6  531.4M squashfs ;loop7   91.7M squashfs ;loop8   12.9M squashfs ;loop9   38.8M squashfs ;loop10  48.1M squashfs ;loop11   500K squashfs ;loop12   576K squashfs ;sda    238.5G          ;â”œâ”€sda1   512M vfat     ;â””â”€sda2   238G ext4     ;sdb    114.6G          ;â”œâ”€sdb1 114.6G exfat    SONIC;â””â”€sdb2    32M vfat     VTOYEFI;sr0     1024M          ;
[2026-01-19T11:21:18+10:00] [INFO] df: Filesystem      Size  Used Avail Mounted on;tmpfs           764M  2.1M  762M /run;/dev/sda2       234G   33G  189G /;tmpfs           3.8G   15M  3.8G /dev/shm;tmpfs           5.0M  4.0K  5.0M /run/lock;efivarfs        256K   85K  167K /sys/firmware/efi/efivars;/dev/sda1       511M  6.1M  505M /boot/efi;tmpfs           764M  112K  764M /run/user/1000;
[2026-01-19T11:21:18+10:00] [INFO] df: Filesystem      Size  Used Avail Mounted on;tmpfs           764M  2.1M  762M /run;/dev/sda2       234G   33G  189G /;tmpfs           3.8G   15M  3.8G /dev/shm;tmpfs           5.0M  4.0K  5.0M /run/lock;efivarfs        256K   85K  167K /sys/firmware/efi/efivars;/dev/sda1       511M  6.1M  505M /boot/efi;tmpfs           764M  112K  764M /run/user/1000;
[2026-01-19T11:21:18+10:00] [INFO] ============================================
[2026-01-19T11:21:18+10:00] [INFO] ============================================
[2026-01-19T11:21:18+10:00] [INFO] Ventoy Installer - install mode
[2026-01-19T11:21:18+10:00] [INFO] Ventoy Installer - install mode
[2026-01-19T11:21:18+10:00] [INFO] ============================================
[2026-01-19T11:21:18+10:00] [INFO] ============================================
[2026-01-19T11:21:18+10:00] [INFO] Target USB: /dev/sdb
[2026-01-19T11:21:18+10:00] [INFO] Target USB: /dev/sdb
[2026-01-19T11:21:18+10:00] [INFO] Ventoy version: 1.1.10
[2026-01-19T11:21:18+10:00] [INFO] Ventoy version: 1.1.10
NAME   MAJ:MIN RM   SIZE RO TYPE MOUNTPOINTS
sdb      8:16   1 114.6G  0 disk 
â”œâ”€sdb1   8:17   1 114.6G  0 part 
â””â”€sdb2   8:18   1    32M  0 part 
NAME   MAJ:MIN RM   SIZE RO TYPE MOUNTPOINTS
sdb      8:16   1 114.6G  0 disk 
â”œâ”€sdb1   8:17   1 114.6G  0 part 
â””â”€sdb2   8:18   1    32M  0 part 
Type 'ERASE' to proceed with install: Type 'ERASE' to proceed with install: [2026-01-19T11:21:20+10:00] [INFO] Unmounting partitions...
[2026-01-19T11:21:20+10:00] [INFO] Unmounting partitions...
[2026-01-19T11:21:20+10:00] [INFO] Extracting Ventoy 1.1.10...
[2026-01-19T11:21:20+10:00] [INFO] Extracting Ventoy 1.1.10...
[2026-01-19T11:21:20+10:00] [INFO] Running Ventoy installer...
[2026-01-19T11:21:20+10:00] [INFO] Running Ventoy installer...

**********************************************
      Ventoy: 1.1.10  x86_64
      longpanda admin@ventoy.net
      https://www.ventoy.net
**********************************************


**********************************************
      Ventoy: 1.1.10  x86_64
      longpanda admin@ventoy.net
      https://www.ventoy.net
**********************************************

[33m/dev/sdb already contains a Ventoy with version 1.0.98[0m
[33mUse -u option to do a safe upgrade operation.[0m
[33m/dev/sdb already contains a Ventoy with version 1.0.98[0m
[33mUse -u option to do a safe upgrade operation.[0m
[33mOR if you really want to reinstall Ventoy to /dev/sdb, please use -I option.[0m
[33m[0m
[33mOR if you really want to reinstall Ventoy to /dev/sdb, please use -I option.[0m
[33m[0m
[2026-01-19T11:21:21+10:00] [INFO] ============================================
[2026-01-19T11:21:21+10:00] [INFO] ============================================
[2026-01-19T11:21:21+10:00] [INFO] Ventoy installed successfully
[2026-01-19T11:21:21+10:00] [INFO] Ventoy installed successfully
[2026-01-19T11:21:21+10:00] [INFO] ============================================
[2026-01-19T11:21:21+10:00] [INFO] ============================================
[2026-01-19T11:21:21+10:00] [INFO] Mount data partition and copy ISOs:
[2026-01-19T11:21:21+10:00] [INFO] Mount data partition and copy ISOs:
[2026-01-19T11:21:21+10:00] [INFO]   sudo mkdir -p /mnt/sonic
[2026-01-19T11:21:21+10:00] [INFO]   sudo mkdir -p /mnt/sonic
[2026-01-19T11:21:21+10:00] [INFO]   sudo mount /dev/sdb2 /mnt/sonic
[2026-01-19T11:21:21+10:00] [INFO]   sudo mount /dev/sdb2 /mnt/sonic
[2026-01-19T11:21:21+10:00] [INFO]   sudo cp -r ../ISOS/* /mnt/sonic/ISOS/
[2026-01-19T11:21:21+10:00] [INFO]   sudo cp -r ../ISOS/* /mnt/sonic/ISOS/
[2026-01-19T11:21:21+10:00] [INFO]   sudo cp -r ../RaspberryPi/* /mnt/sonic/RaspberryPi/
[2026-01-19T11:21:21+10:00] [INFO]   sudo cp -r ../RaspberryPi/* /mnt/sonic/RaspberryPi/
[2026-01-19T11:21:21+10:00] [INFO]   sudo umount /mnt/sonic
[2026-01-19T11:21:21+10:00] [INFO]   sudo umount /mnt/sonic
[2026-01-19T11:21:21+10:00] [OK] install-ventoy finished
[2026-01-19T11:21:21+10:00] [OK] install-ventoy finished

[0;34m[Step 2/5] Copying ISOs and config to USB...[0m

[0;34m[Step 2/5] Copying ISOs and config to USB...[0m
Mounted /dev/sdb1 at /mnt/sonic
Mounted /dev/sdb1 at /mnt/sonic
Copying Ubuntu ISOs...
Copying Ubuntu ISOs...
'/home/wizard/Code/sonic-stick/ISOS/Ubuntu/lubuntu-22.04.5-desktop-amd64.iso' -> '/mnt/sonic/ISOS/Ubuntu/lubuntu-22.04.5-desktop-amd64.iso'
'/home/wizard/Code/sonic-stick/ISOS/Ubuntu/ubuntu-22.04.5-desktop-amd64.iso' -> '/mnt/sonic/ISOS/Ubuntu/ubuntu-22.04.5-desktop-amd64.iso'
'/home/wizard/Code/sonic-stick/ISOS/Ubuntu/ubuntu-mate-22.04.5-desktop-amd64.iso' -> '/mnt/sonic/ISOS/Ubuntu/ubuntu-mate-22.04.5-desktop-amd64.iso'
'/home/wizard/Code/sonic-stick/ISOS/Ubuntu/lubuntu-22.04.5-desktop-amd64.iso' -> '/mnt/sonic/ISOS/Ubuntu/lubuntu-22.04.5-desktop-amd64.iso'
'/home/wizard/Code/sonic-stick/ISOS/Ubuntu/ubuntu-22.04.5-desktop-amd64.iso' -> '/mnt/sonic/ISOS/Ubuntu/ubuntu-22.04.5-desktop-amd64.iso'
'/home/wizard/Code/sonic-stick/ISOS/Ubuntu/ubuntu-mate-22.04.5-desktop-amd64.iso' -> '/mnt/sonic/ISOS/Ubuntu/ubuntu-mate-22.04.5-desktop-amd64.iso'
Copying Minimal ISOs...
Copying Minimal ISOs...
'/home/wizard/Code/sonic-stick/ISOS/Minimal/alpine-standard-3.19.1-x86_64.iso' -> '/mnt/sonic/ISOS/Minimal/alpine-standard-3.19.1-x86_64.iso'
'/home/wizard/Code/sonic-stick/ISOS/Minimal/alpine-standard-3.19.1-x86_64.iso' -> '/mnt/sonic/ISOS/Minimal/alpine-standard-3.19.1-x86_64.iso'
Copying Rescue ISOs...
Copying Rescue ISOs...
'/home/wizard/Code/sonic-stick/ISOS/Rescue/CorePure64-15.0.iso' -> '/mnt/sonic/ISOS/Rescue/CorePure64-15.0.iso'
'/home/wizard/Code/sonic-stick/ISOS/Rescue/CorePure64-15.0.iso' -> '/mnt/sonic/ISOS/Rescue/CorePure64-15.0.iso'
Copying RaspberryPi images...
Copying RaspberryPi images...
'/home/wizard/Code/sonic-stick/RaspberryPi/DietPi_RPi234-ARMv8-Bookworm.img.xz' -> '/mnt/sonic/RaspberryPi/DietPi_RPi234-ARMv8-Bookworm.img.xz'
'/home/wizard/Code/sonic-stick/RaspberryPi/raspios-bookworm-arm64-lite.img.xz' -> '/mnt/sonic/RaspberryPi/raspios-bookworm-arm64-lite.img.xz'
'/home/wizard/Code/sonic-stick/RaspberryPi/ubuntu-22.04.5-preinstalled-server-arm64+raspi.img.xz' -> '/mnt/sonic/RaspberryPi/ubuntu-22.04.5-preinstalled-server-arm64+raspi.img.xz'
'/home/wizard/Code/sonic-stick/RaspberryPi/DietPi_RPi234-ARMv8-Bookworm.img.xz' -> '/mnt/sonic/RaspberryPi/DietPi_RPi234-ARMv8-Bookworm.img.xz'
'/home/wizard/Code/sonic-stick/RaspberryPi/raspios-bookworm-arm64-lite.img.xz' -> '/mnt/sonic/RaspberryPi/raspios-bookworm-arm64-lite.img.xz'
'/home/wizard/Code/sonic-stick/RaspberryPi/ubuntu-22.04.5-preinstalled-server-arm64+raspi.img.xz' -> '/mnt/sonic/RaspberryPi/ubuntu-22.04.5-preinstalled-server-arm64+raspi.img.xz'
[0;32mInstalling custom Ventoy menu...[0m
[0;32mInstalling custom Ventoy menu...[0m
'/home/wizard/Code/sonic-stick/config/ventoy/ventoy.json' -> '/mnt/sonic/ventoy/ventoy.json'
'/home/wizard/Code/sonic-stick/config/ventoy/ventoy.json' -> '/mnt/sonic/ventoy/ventoy.json'
Unmounted USB
Unmounted USB

[0;34m[Step 3/5] Creating SONIC_DATA partition...[0m
This partition will store logs, session data, and library tracking

[0;34m[Step 3/5] Creating SONIC_DATA partition...[0m
This partition will store logs, session data, and library tracking
[2026-01-19T11:27:52+10:00] [INFO] Logging to /home/wizard/Code/sonic-stick/LOGS/sonic-stick-2026-01-19T11:21:13+10:00.log
[2026-01-19T11:27:52+10:00] [INFO] Logging to /home/wizard/Code/sonic-stick/LOGS/sonic-stick-2026-01-19T11:21:13+10:00.log
[2026-01-19T11:27:52+10:00] [INFO] Logging to /home/wizard/Code/sonic-stick/LOGS/sonic-stick-2026-01-19T11:21:13+10:00.log
[2026-01-19T11:27:52+10:00] [INFO] Starting data partition creation
[2026-01-19T11:27:52+10:00] [INFO] Starting data partition creation
[2026-01-19T11:27:52+10:00] [INFO] Starting data partition creation
[2026-01-19T11:27:52+10:00] [INFO] Starting data partition creation
[1;33mâ•â•â•â•â•â•â•â•â•â•â•â•â•â•â•â•â•â•â•â•â•â•â•â•â•â•â•â•â•â•â•â•â•â•â•â•â•â•â•[0m
[1;33mCurrent partitions on /dev/sdb:[0m
[1;33mâ•â•â•â•â•â•â•â•â•â•â•â•â•â•â•â•â•â•â•â•â•â•â•â•â•â•â•â•â•â•â•â•â•â•â•â•â•â•â•[0m
[1;33mâ•â•â•â•â•â•â•â•â•â•â•â•â•â•â•â•â•â•â•â•â•â•â•â•â•â•â•â•â•â•â•â•â•â•â•â•â•â•â•[0m
[1;33mCurrent partitions on /dev/sdb:[0m
[1;33mâ•â•â•â•â•â•â•â•â•â•â•â•â•â•â•â•â•â•â•â•â•â•â•â•â•â•â•â•â•â•â•â•â•â•â•â•â•â•â•[0m
[1;33mâ•â•â•â•â•â•â•â•â•â•â•â•â•â•â•â•â•â•â•â•â•â•â•â•â•â•â•â•â•â•â•â•â•â•â•â•â•â•â•[0m
[1;33mCurrent partitions on /dev/sdb:[0m
[1;33mâ•â•â•â•â•â•â•â•â•â•â•â•â•â•â•â•â•â•â•â•â•â•â•â•â•â•â•â•â•â•â•â•â•â•â•â•â•â•â•[0m
NAME     SIZE FSTYPE LABEL   MOUNTPOINT
sdb    114.6G                
â”œâ”€sdb1 114.6G exfat  SONIC   
â””â”€sdb2    32M vfat   VTOYEFI 
NAME     SIZE FSTYPE LABEL   MOUNTPOINT
sdb    114.6G                
â”œâ”€sdb1 114.6G exfat  SONIC   
â””â”€sdb2    32M vfat   VTOYEFI 
NAME     SIZE FSTYPE LABEL   MOUNTPOINT
sdb    114.6G                
â”œâ”€sdb1 114.6G exfat  SONIC   
â””â”€sdb2    32M vfat   VTOYEFI 

[0;31mWARNING: This will create a new partition on /dev/sdb[0m
[1;33mExisting data partitions will NOT be affected[0m

[0;31mWARNING: This will create a new partition on /dev/sdb[0m

[1;33mExisting data partitions will NOT be affected[0m


[0;31mWARNING: This will create a new partition on /dev/sdb[0m
[1;33mExisting data partitions will NOT be affected[0m

Continue? (type 'YES' in capitals): Continue? (type 'YES' in capitals): Continue? (type 'YES' in capitals): 