[2026-01-19T17:30:20+10:00] [INFO] Logging to /home/wizard/Code/sonic-stick/LOGS/sonic-stick-2026-01-19T17:30:20+10:00.log
[2026-01-19T17:30:20+10:00] [INFO] ============================================
[2026-01-19T17:30:20+10:00] [INFO] ============================================
[2026-01-19T17:30:20+10:00] [INFO] Sonic Stick Launcher v1.0.0.5
[2026-01-19T17:30:20+10:00] [INFO] Sonic Stick Launcher v1.0.0.5
[2026-01-19T17:30:20+10:00] [INFO] ============================================
[2026-01-19T17:30:20+10:00] [INFO] ============================================
[2026-01-19T17:30:20+10:00] [INFO] Target USB device: /dev/sdb (override with USB=/dev/sdX)
[2026-01-19T17:30:20+10:00] [INFO] Target USB device: /dev/sdb (override with USB=/dev/sdX)
[2026-01-19T17:30:20+10:00] [INFO] Ventoy version: 1.1.10
[2026-01-19T17:30:20+10:00] [INFO] Ventoy version: 1.1.10
[2026-01-19T17:30:20+10:00] [INFO] Repo: /home/wizard/Code/sonic-stick
[2026-01-19T17:30:20+10:00] [INFO] Repo: /home/wizard/Code/sonic-stick

Select an action:
  1) Download payloads (ISOs, Ventoy, Pi images)
  2) Install/Upgrade Ventoy only
  3) Rebuild from scratch (wipe, copy ISOs, create FLASH)
  4) Verify stick (check structure, config, offer fixes)
  5) Quit

Choice [1-5]: [2026-01-19T17:30:23+10:00] [INFO] ============================================
[2026-01-19T17:30:23+10:00] [INFO] ============================================
[2026-01-19T17:30:23+10:00] [INFO] USB Stick Verification
[2026-01-19T17:30:23+10:00] [INFO] USB Stick Verification
[2026-01-19T17:30:23+10:00] [INFO] ============================================
[2026-01-19T17:30:23+10:00] [INFO] ============================================

[2026-01-19T17:30:23+10:00] [INFO] Checking USB structure...
[2026-01-19T17:30:23+10:00] [INFO] Checking USB structure...

NAME     SIZE FSTYPE LABEL
sdb    114.6G        
â”œâ”€sdb1 110.8G exfat  SONIC
â”œâ”€sdb2    32M vfat   VTOYEFI
â””â”€sdb3   3.8G ext4   FLASH

[2026-01-19T17:30:23+10:00] [OK] âœ“ Ventoy bootloader (VTOYEFI) detected
[2026-01-19T17:30:23+10:00] [OK] âœ“ Ventoy bootloader (VTOYEFI) detected

[2026-01-19T17:30:23+10:00] [OK] âœ“ SONIC main partition found (/dev/sdb1)
[2026-01-19T17:30:23+10:00] [OK] âœ“ SONIC main partition found (/dev/sdb1)

[2026-01-19T17:30:23+10:00] [OK] âœ“ FLASH data partition found (/dev/sdb3)
[2026-01-19T17:30:23+10:00] [OK] âœ“ FLASH data partition found (/dev/sdb3)

[2026-01-19T17:30:23+10:00] [INFO] Checking configuration and ISOs...
[2026-01-19T17:30:23+10:00] [INFO] Checking configuration and ISOs...
[2026-01-19T17:30:23+10:00] [OK] âœ“ ventoy.json is valid
[2026-01-19T17:30:23+10:00] [OK] âœ“ ventoy.json is valid
[2026-01-19T17:30:23+10:00] [WARN] âš  ISOS directory not found
[2026-01-19T17:30:23+10:00] [WARN] âš  ISOS directory not found

[2026-01-19T17:30:23+10:00] [INFO] ============================================
[2026-01-19T17:30:23+10:00] [INFO] ============================================
[2026-01-19T17:30:23+10:00] [INFO] Verification Summary
[2026-01-19T17:30:23+10:00] [INFO] Verification Summary
[2026-01-19T17:30:23+10:00] [INFO] ============================================
[2026-01-19T17:30:23+10:00] [INFO] ============================================
[1;33m
â•”â•â•â•â•â•â•â•â•â•â•â•â•â•â•â•â•â•â•â•â•â•â•â•â•â•â•â•â•â•â•â•â•â•â•â•â•â•â•â•â•â•â•â•â•â•â•â•â•â•â•â•â•â•â•â•â•â•â•â•â•â•—
â•‘                  âš  ISSUES DETECTED                        â•‘
â•šâ•â•â•â•â•â•â•â•â•â•â•â•â•â•â•â•â•â•â•â•â•â•â•â•â•â•â•â•â•â•â•â•â•â•â•â•â•â•â•â•â•â•â•â•â•â•â•â•â•â•â•â•â•â•â•â•â•â•â•â•â•
[0m
âš  No ISOs found

Recommended actions:
  â†’ Recommended: Rebuild from scratch (menu option 3)

Run rebuild now? [y/N]: 